<?xml version="1.0" encoding="UTF-8"?>
<coverage generated="1524753990747" clover="3.2.0">
  <project timestamp="1524753990747" name="All files">
    <metrics statements="6" coveredstatements="6" conditionals="0" coveredconditionals="0" methods="5" coveredmethods="4" elements="11" coveredelements="10" complexity="0" loc="6" ncloc="6" packages="2" files="3" classes="3">
      <package name="src">
        <metrics statements="2" coveredstatements="2" conditionals="0" coveredconditionals="0" methods="1" coveredmethods="1"/>
        <file name="setupTests.js" path="/Users/peteraguilar/dev/webpackSetup/src/setupTests.js">
          <metrics statements="1" coveredstatements="1" conditionals="0" coveredconditionals="0" methods="0" coveredmethods="0"/>
          <line num="4" count="2" type="stmt"/>
        </file>
        <file name="sum.js" path="/Users/peteraguilar/dev/webpackSetup/src/sum.js">
          <metrics statements="1" coveredstatements="1" conditionals="0" coveredconditionals="0" methods="1" coveredmethods="1"/>
          <line num="3" count="1" type="stmt"/>
        </file>
      </package>
      <package name="src.components.home.component">
        <metrics statements="4" coveredstatements="4" conditionals="0" coveredconditionals="0" methods="4" coveredmethods="3"/>
        <file name="Home.js" path="/Users/peteraguilar/dev/webpackSetup/src/components/home/component/Home.js">
          <metrics statements="4" coveredstatements="4" conditionals="0" coveredconditionals="0" methods="4" coveredmethods="3"/>
          <line num="6" count="3" type="stmt"/>
          <line num="16" count="3" type="stmt"/>
          <line num="24" count="1" type="stmt"/>
          <line num="28" count="1" type="stmt"/>
        </file>
      </package>
    </metrics>
  </project>
</coverage>
