{"/Users/peteraguilar/dev/webpackSetup/src/setupTests.js": {"path":"/Users/peteraguilar/dev/webpackSetup/src/setupTests.js","statementMap":{"0":{"start":{"line":4,"column":0},"end":{"line":4,"column":42}}},"fnMap":{},"branchMap":{},"s":{"0":2},"f":{},"b":{},"_coverageSchema":"332fd63041d2c1bcb487cc26dd0d5f7d97098a6c","hash":"51158df30e2f9f3ff5af328910826bd46eb232e7"}
,"/Users/peteraguilar/dev/webpackSetup/src/sum.js": {"path":"/Users/peteraguilar/dev/webpackSetup/src/sum.js","statementMap":{"0":{"start":{"line":3,"column":1},"end":{"line":3,"column":13}}},"fnMap":{"0":{"name":"sum","decl":{"start":{"line":2,"column":24},"end":{"line":2,"column":27}},"loc":{"start":{"line":2,"column":34},"end":{"line":4,"column":1}},"line":2}},"branchMap":{},"s":{"0":1},"f":{"0":1},"b":{},"_coverageSchema":"332fd63041d2c1bcb487cc26dd0d5f7d97098a6c","hash":"5953af1d38e24abdb4797569d892e490723807e0"}
,"/Users/peteraguilar/dev/webpackSetup/src/components/home/component/Home.js": {"path":"/Users/peteraguilar/dev/webpackSetup/src/components/home/component/Home.js","statementMap":{"0":{"start":{"line":6,"column":2},"end":{"line":6,"column":23}},"1":{"start":{"line":16,"column":1},"end":{"line":20,"column":3}},"2":{"start":{"line":24,"column":0},"end":{"line":26,"column":1}},"3":{"start":{"line":28,"column":0},"end":{"line":30,"column":1}}},"fnMap":{"0":{"name":"(anonymous_0)","decl":{"start":{"line":5,"column":1},"end":{"line":5,"column":2}},"loc":{"start":{"line":5,"column":29},"end":{"line":7,"column":2}},"line":5},"1":{"name":"(anonymous_1)","decl":{"start":{"line":8,"column":1},"end":{"line":8,"column":2}},"loc":{"start":{"line":8,"column":21},"end":{"line":9,"column":2}},"line":8},"2":{"name":"(anonymous_2)","decl":{"start":{"line":11,"column":1},"end":{"line":11,"column":2}},"loc":{"start":{"line":11,"column":24},"end":{"line":12,"column":2}},"line":11},"3":{"name":"(anonymous_3)","decl":{"start":{"line":15,"column":1},"end":{"line":15,"column":2}},"loc":{"start":{"line":15,"column":10},"end":{"line":21,"column":2}},"line":15}},"branchMap":{},"s":{"0":3,"1":3,"2":1,"3":1},"f":{"0":3,"1":3,"2":0,"3":3},"b":{},"_coverageSchema":"332fd63041d2c1bcb487cc26dd0d5f7d97098a6c","hash":"8fb645eb4b8352e0e9a4e4ed169e5278be6fe69b"}
}
