TN:
SF:/Users/peteraguilar/dev/webpackSetup/src/setupTests.js
FNF:0
FNH:0
DA:4,2
LF:1
LH:1
BRF:0
BRH:0
end_of_record
TN:
SF:/Users/peteraguilar/dev/webpackSetup/src/sum.js
FN:2,sum
FNF:1
FNH:1
FNDA:1,sum
DA:3,1
LF:1
LH:1
BRF:0
BRH:0
end_of_record
TN:
SF:/Users/peteraguilar/dev/webpackSetup/src/components/home/component/Home.js
FN:5,(anonymous_0)
FN:8,(anonymous_1)
FN:11,(anonymous_2)
FN:15,(anonymous_3)
FNF:4
FNH:3
FNDA:3,(anonymous_0)
FNDA:3,(anonymous_1)
FNDA:0,(anonymous_2)
FNDA:3,(anonymous_3)
DA:6,3
DA:16,3
DA:24,1
DA:28,1
LF:4
LH:4
BRF:0
BRH:0
end_of_record
